<?xml version="1.0" encoding="UTF-8"?>
<!-- Generated by org.testng.reporters.JUnitXMLReporter -->
<testsuite ignored="1" hostname="LAPTOP-MATHCUTA" failures="1" tests="2" name="ListnersClassXML" time="0.101" errors="0" timestamp="2024-03-22T22:21:20 GMT-04:00">
  <testcase classname="testNGFramework.ListnerMainXML" name="method1" time="0.016"/>
  <testcase classname="testNGFramework.ListnerMainXML" name="method2" time="0.004">
    <failure type="java.lang.AssertionError" message="Intentional failure">
      <![CDATA[java.lang.AssertionError: Intentional failure
at testNGFramework.ListnerMainXML.method2(ListnerMainXML.java:17)
at java.base/java.util.ArrayList.forEach(ArrayList.java:1511)
... Removed 28 stack frames]]>
    </failure>
  </testcase> <!-- method2 -->
  <testcase classname="testNGFramework.ListnerMainXML" name="method3" time="0.0">
    <ignored/>
  </testcase> <!-- method3 -->
</testsuite> <!-- ListnersClassXML -->
