<?xml version="1.0" encoding="UTF-8"?>
<!-- Generated by org.testng.reporters.JUnitXMLReporter -->
<testsuite ignored="0" hostname="LAPTOP-MATHCUTA" failures="0" tests="3" name="TestFirst" time="120.239" errors="0" timestamp="2024-03-22T20:10:26 GMT-04:00">
  <testcase classname="selenium.learning.CalendarTwo" name="f" time="3.185"/>
  <testcase classname="selenium.learning.CalendarThree" name="f" time="8.443"/>
  <testcase classname="selenium.learning.MercuryDDT1" name="f" time="27.898"/>
</testsuite> <!-- TestFirst -->
